<?xml version="1.0" encoding="UTF-8"?>
<!-- Generated by org.testng.reporters.JUnitXMLReporter -->
<testsuite ignored="2" hostname="LAPTOP-92E4J732" failures="0" tests="1" name="Test" time="7.688" errors="0" timestamp="2025-04-06T16:35:03 IST">
  <testcase classname="testCases.TC002_LoginTest" name="verify_Login" time="1.762"/>
  <testcase classname="testCases.TC001_AccountRegistrationTest" name="verify_account_registration" time="0.0">
    <ignored/>
  </testcase> <!-- verify_account_registration -->
  <testcase classname="testCases.TC003_LoginDDT" name="verify_LoginDDT" time="0.0">
    <ignored/>
  </testcase> <!-- verify_LoginDDT -->
</testsuite> <!-- Test -->
